<?xml version="1.0" encoding="UTF-8"?>
<testsuite name="tests.TestBoxTests" tests="1" skipped="0" failures="0" errors="0" timestamp="2024-09-30T12:56:53" hostname="DESKTOP-11JKOJK" time="4.483">
  <properties/>
  <testcase name="registrationTextBoxTest()" classname="tests.TestBoxTests" time="4.483"/>
  <system-out><![CDATA[]]></system-out>
  <system-err><![CDATA[[Test worker] INFO com.codeborne.selenide.impl.WebDriverThreadLocalContainer - No webdriver is bound to current thread: 1 - let's create a new webdriver
[Test worker] INFO com.codeborne.selenide.impl.FileHelper - Creating folder: C:\QAGURU\qaquru-homework-6\build\downloads\1727701013137_3816_1
сент. 30, 2024 3:56:54 PM org.openqa.selenium.devtools.CdpVersionFinder findNearestMatch
WARNING: Unable to find an exact match for CDP version 129, returning the closest version; found: 128; Please update to a Selenium version that supports CDP version 129
[Test worker] INFO com.codeborne.selenide.webdriver.WebDriverFactory - BrowserName=chrome Version=129.0.6668.60 Platform=windows
[Test worker] INFO com.codeborne.selenide.webdriver.WebDriverFactory - Selenide v. 7.4.3
[Test worker] INFO com.codeborne.selenide.webdriver.WebDriverFactory - Selenium WebDriver v. 4.24.0 build revision: 748ffc9bc3
[Test worker] INFO com.codeborne.selenide.drivercommands.CreateDriverCommand - Created webdriver in thread 1: ChromeDriver -> ChromeDriver: chrome on windows (8ca529e9cc1baf5076bb11b4069c7ebf), downloadsFolder: C:\QAGURU\qaquru-homework-6\build\downloads\1727701013137_3816_1
[Test worker] INFO com.codeborne.selenide.drivercommands.DisposablesRegistry - Register WebDriverInstance[config=StaticConfig, webDriver=ChromeDriver: chrome on windows (8ca529e9cc1baf5076bb11b4069c7ebf), proxy=null, downloadsFolder=C:\QAGURU\qaquru-homework-6\build\downloads\1727701013137_3816_1] in 1 [size=1]
[Test worker] INFO com.codeborne.selenide.drivercommands.DisposablesRegistry - Add shutdown hook in 1 [size=1]
]]></system-err>
</testsuite>
